<?xml version="1.0" encoding="UTF-8"?>
<!-- Generated by org.testng.reporters.JUnitReportReporter -->
<testsuite hostname="VISHAL-PC" failures="0" tests="1" name="VishalJadhav.DataDrivenTest" time="18.423" errors="0" timestamp="2021-12-25T20:26:06 IST" skipped="0">
  <testcase classname="VishalJadhav.DataDrivenTest" name="Login" time="18.423"/>
  <system-out/>
</testsuite> <!-- VishalJadhav.DataDrivenTest -->
