<?xml version="1.0" encoding="UTF-8"?>
<!-- Generated by org.testng.reporters.JUnitReportReporter -->
<testsuite hostname="VISHAL-PC" failures="0" tests="2" name="Academy.HomePage" time="6.973" errors="0" timestamp="2022-01-02T20:16:15 IST" skipped="0">
  <testcase classname="Academy.HomePage" name="basePageNavigation" time="5.014"/>
  <system-out/>
  <testcase classname="Academy.HomePage" name="basePageNavigation" time="1.959"/>
  <system-out/>
</testsuite> <!-- Academy.HomePage -->
