<?xml version="1.0" encoding="UTF-8"?>
<!-- Generated by org.testng.reporters.JUnitReportReporter -->
<testsuite hostname="VISHAL-PC" failures="0" tests="1" name="VishalJadhav.AppiumTest" time="0.000" errors="0" timestamp="2021-12-23T01:03:30 IST" skipped="0">
  <testcase classname="VishalJadhav.AppiumTest" name="AndroidAppTest" time="0.000"/>
  <system-out/>
</testsuite> <!-- VishalJadhav.AppiumTest -->
