<?xml version="1.0" encoding="UTF-8"?>
<!-- Generated by org.testng.reporters.JUnitReportReporter -->
<testsuite hostname="VISHAL-PC" failures="0" tests="2" name="VishalJadhav.SeleniumTest" time="12.074" errors="0" timestamp="2021-12-23T01:03:30 IST" skipped="0">
  <testcase classname="VishalJadhav.SeleniumTest" name="ElementsUI" time="0.000"/>
  <system-out/>
  <testcase classname="VishalJadhav.SeleniumTest" name="BrowserAutomation" time="12.074"/>
  <system-out/>
</testsuite> <!-- VishalJadhav.SeleniumTest -->
